<?xml version="1.0" encoding="UTF-8"?>
<!-- Generated by org.testng.reporters.JUnitXMLReporter -->
<testsuite hostname="Automata" ignored="2" name="Sanity Test 2" tests="2" failures="0" timestamp="16 Jun 2019 06:32:35 GMT" time="12.981" errors="0">
  <testcase name="verifyTrackingError" time="0.622" classname="ups.test.UpsTrackingPageTest"/>
  <testcase name="verifyLoginError" time="2.642" classname="ups.test.UpsLoginPageTest"/>
  <testcase name="funTrackingMsg" time="0.0" classname="ups.test.UpsTrackingPageTest">
    <ignored/>
  </testcase> <!-- funTrackingMsg -->
  <testcase name="funLoginMsg" time="0.0" classname="ups.test.UpsLoginPageTest">
    <ignored/>
  </testcase> <!-- funLoginMsg -->
</testsuite> <!-- Sanity Test 2 -->
