<?xml version="1.0" encoding="UTF-8"?>
<!-- Generated by org.testng.reporters.JUnitXMLReporter -->
<testsuite hostname="Automata" ignored="2" name="Sanity Test 1" tests="2" failures="0" timestamp="16 Jun 2019 06:32:22 GMT" time="9.384" errors="0">
  <testcase name="funLoginMsg" time="0.005" classname="ups.test.UpsLoginPageTest"/>
  <testcase name="funTrackingMsg" time="0.001" classname="ups.test.UpsTrackingPageTest"/>
  <testcase name="verifyLoginError" time="0.0" classname="ups.test.UpsLoginPageTest">
    <ignored/>
  </testcase> <!-- verifyLoginError -->
  <testcase name="verifyTrackingError" time="0.0" classname="ups.test.UpsTrackingPageTest">
    <ignored/>
  </testcase> <!-- verifyTrackingError -->
</testsuite> <!-- Sanity Test 1 -->
