<?xml version="1.0" encoding="UTF-8"?>
<!-- Generated by org.testng.reporters.JUnitXMLReporter -->
<testsuite hostname="Automata" ignored="0" name="Test" tests="4" failures="0" timestamp="16 Jun 2019 05:58:26 GMT" time="12.667" errors="0">
  <testcase name="funLoginMsg" time="0.003" classname="ups.test.UpsLoginPageTest"/>
  <testcase name="verifyLoginError" time="2.86" classname="ups.test.UpsLoginPageTest"/>
  <testcase name="funTrackingMsg" time="0.001" classname="ups.test.UpsTrackingPageTest"/>
  <testcase name="verifyLoginError" time="0.674" classname="ups.test.UpsTrackingPageTest"/>
</testsuite> <!-- Test -->
