<?xml version="1.0" encoding="UTF-8"?>
<testng-results skipped="0" failed="0" ignored="0" total="1" passed="1">
  <reporter-output>
  </reporter-output>
  <suite name="Default suite" duration-ms="13100" started-at="2019-06-16T10:08:44Z" finished-at="2019-06-16T10:08:57Z">
    <groups>
    </groups>
    <test name="Default test" duration-ms="13100" started-at="2019-06-16T10:08:44Z" finished-at="2019-06-16T10:08:57Z">
      <class name="multi.windows.test.MultiWIndows">
        <test-method status="PASS" signature="beforeClass()[pri:0, instance:multi.windows.test.MultiWIndows@224edc67]" name="beforeClass" is-config="true" duration-ms="8600" started-at="2019-06-16T10:08:44Z" finished-at="2019-06-16T10:08:52Z">
          <reporter-output>
          </reporter-output>
        </test-method> <!-- beforeClass -->
        <test-method status="PASS" signature="verifyLoginError()[pri:0, instance:multi.windows.test.MultiWIndows@224edc67]" name="verifyLoginError" duration-ms="3854" started-at="2019-06-16T10:08:52Z" finished-at="2019-06-16T10:08:56Z">
          <reporter-output>
          </reporter-output>
        </test-method> <!-- verifyLoginError -->
        <test-method status="PASS" signature="tearDown()[pri:0, instance:multi.windows.test.MultiWIndows@224edc67]" name="tearDown" is-config="true" duration-ms="629" started-at="2019-06-16T10:08:56Z" finished-at="2019-06-16T10:08:57Z">
          <reporter-output>
          </reporter-output>
        </test-method> <!-- tearDown -->
      </class> <!-- multi.windows.test.MultiWIndows -->
    </test> <!-- Default test -->
  </suite> <!-- Default suite -->
</testng-results>
